{"timestamp": "2026-01-05T01:54:37.804425Z", "level": "INFO", "logger": "rag-service", "message": "Logging initialized for rag-service", "module": "logging", "function": "setup_logging", "line": 126}
{"timestamp": "2026-01-05T01:54:37.804555Z", "level": "INFO", "logger": "rag-service", "message": "Starting rag-service...", "module": "run", "function": "main", "line": 52}
{"timestamp": "2026-01-05T01:54:37.804645Z", "level": "INFO", "logger": "rag-service", "message": "Configuration: host=0.0.0.0, port=8002", "module": "run", "function": "main", "line": 53}
{"timestamp": "2026-01-05T01:54:37.804707Z", "level": "INFO", "logger": "rag-service", "message": "Elasticsearch: http://localhost:9200", "module": "run", "function": "main", "line": 54}
{"timestamp": "2026-01-05T01:54:37.822499Z", "level": "INFO", "logger": "rag-service", "message": "rag-service starting on http://0.0.0.0:8002", "module": "run", "function": "main", "line": 62}
{"timestamp": "2026-01-05T01:54:37.893430Z", "level": "INFO", "logger": "services.common.fastapi_nacos", "message": "Nacos registration disabled", "module": "fastapi_nacos", "function": "startup", "line": 115}
{"timestamp": "2026-01-05T01:54:38.812472Z", "level": "INFO", "logger": "services.rag_service.storage.milvus_client", "message": "Connected to Milvus collection: customer_service_kb", "module": "milvus_client", "function": "connect", "line": 69}
{"timestamp": "2026-01-05T01:54:39.189123Z", "level": "INFO", "logger": "elastic_transport.transport", "message": "GET http://localhost:9200/ [status:200 duration:0.018s]", "module": "_async_transport", "function": "perform_request", "line": 271}
{"timestamp": "2026-01-05T01:54:39.190768Z", "level": "INFO", "logger": "services.rag_service.storage.elasticsearch_client", "message": "Connected to Elasticsearch: 8.5.0", "module": "elasticsearch_client", "function": "connect", "line": 69}
{"timestamp": "2026-01-05T01:54:40.003325Z", "level": "INFO", "logger": "services.rag_service.storage.embedding_service", "message": "Embedding model warmed up: nomic-embed-text", "module": "embedding_service", "function": "warmup", "line": 166}
{"timestamp": "2026-01-05T01:54:40.003494Z", "level": "ERROR", "logger": "services.rag_service.index.index_manager", "message": "Failed to ensure vector collection: 'MilvusClient' object has no attribute 'has_collection'", "module": "index_manager", "function": "_ensure_vector_collection", "line": 94}
{"timestamp": "2026-01-05T01:54:40.084557Z", "level": "ERROR", "logger": "asyncio", "message": "Unclosed client session\nclient_session: <aiohttp.client.ClientSession object at 0x110a84c20>", "module": "base_events", "function": "default_exception_handler", "line": 1879}
{"timestamp": "2026-01-05T01:54:40.084746Z", "level": "ERROR", "logger": "asyncio", "message": "Unclosed connector\nconnections: ['deque([(<aiohttp.client_proto.ResponseHandler object at 0x11093fad0>, 3304.695398431)])']\nconnector: <aiohttp.connector.TCPConnector object at 0x110a84830>", "module": "base_events", "function": "default_exception_handler", "line": 1879}
{"timestamp": "2026-01-05T02:27:52.483175Z", "level": "INFO", "logger": "rag-service", "message": "Logging initialized for rag-service", "module": "logging", "function": "setup_logging", "line": 126}
{"timestamp": "2026-01-05T02:27:52.483620Z", "level": "INFO", "logger": "rag-service", "message": "Starting rag-service...", "module": "run", "function": "main", "line": 52}
{"timestamp": "2026-01-05T02:27:52.483685Z", "level": "INFO", "logger": "rag-service", "message": "Configuration: host=0.0.0.0, port=8002", "module": "run", "function": "main", "line": 53}
{"timestamp": "2026-01-05T02:27:52.483740Z", "level": "INFO", "logger": "rag-service", "message": "Elasticsearch: http://localhost:9200", "module": "run", "function": "main", "line": 54}
{"timestamp": "2026-01-05T02:27:52.499114Z", "level": "INFO", "logger": "rag-service", "message": "rag-service starting on http://0.0.0.0:8002", "module": "run", "function": "main", "line": 62}
{"timestamp": "2026-01-05T02:27:52.560802Z", "level": "INFO", "logger": "services.common.fastapi_nacos", "message": "Nacos registration disabled", "module": "fastapi_nacos", "function": "startup", "line": 115}
{"timestamp": "2026-01-05T02:27:53.342476Z", "level": "INFO", "logger": "services.rag_service.storage.milvus_client", "message": "Connected to Milvus collection: customer_service_kb", "module": "milvus_client", "function": "connect", "line": 69}
{"timestamp": "2026-01-05T02:27:53.636240Z", "level": "INFO", "logger": "elastic_transport.transport", "message": "GET http://localhost:9200/ [status:200 duration:0.010s]", "module": "_async_transport", "function": "perform_request", "line": 271}
{"timestamp": "2026-01-05T02:27:53.636386Z", "level": "INFO", "logger": "services.rag_service.storage.elasticsearch_client", "message": "Connected to Elasticsearch: 8.5.0", "module": "elasticsearch_client", "function": "connect", "line": 69}
{"timestamp": "2026-01-05T02:27:54.587523Z", "level": "INFO", "logger": "services.rag_service.storage.embedding_service", "message": "Embedding model warmed up: nomic-embed-text", "module": "embedding_service", "function": "warmup", "line": 166}
{"timestamp": "2026-01-05T02:27:54.587627Z", "level": "ERROR", "logger": "services.rag_service.index.index_manager", "message": "Failed to ensure vector collection: 'MilvusClient' object has no attribute 'has_collection'", "module": "index_manager", "function": "_ensure_vector_collection", "line": 94}
{"timestamp": "2026-01-05T02:27:54.639356Z", "level": "ERROR", "logger": "asyncio", "message": "Unclosed client session\nclient_session: <aiohttp.client.ClientSession object at 0x10e540c20>", "module": "base_events", "function": "default_exception_handler", "line": 1879}
{"timestamp": "2026-01-05T02:27:54.639500Z", "level": "ERROR", "logger": "asyncio", "message": "Unclosed connector\nconnections: ['deque([(<aiohttp.client_proto.ResponseHandler object at 0x10e3ff9b0>, 5299.216698798)])']\nconnector: <aiohttp.connector.TCPConnector object at 0x10e540830>", "module": "base_events", "function": "default_exception_handler", "line": 1879}
